{"C:\\Users\\ASUS\\Documents\\project_study\\jest-handson\\module.js": {"path":"C:\\Users\\ASUS\\Documents\\project_study\\jest-handson\\module.js","statementMap":{"0":{"start":{"line":2,"column":2},"end":{"line":4,"column":5}},"1":{"start":{"line":3,"column":4},"end":{"line":3,"column":46}},"2":{"start":{"line":7,"column":0},"end":{"line":7,"column":30}}},"fnMap":{"0":{"name":"filterByTerm","decl":{"start":{"line":1,"column":9},"end":{"line":1,"column":21}},"loc":{"start":{"line":1,"column":44},"end":{"line":5,"column":1}},"line":1},"1":{"name":"(anonymous_1)","decl":{"start":{"line":2,"column":25},"end":{"line":2,"column":26}},"loc":{"start":{"line":2,"column":49},"end":{"line":4,"column":3}},"line":2}},"branchMap":{},"s":{"0":1,"1":3,"2":1},"f":{"0":1,"1":3},"b":{},"_coverageSchema":"1a1c01bbd47fc00a2c39e90264f33305004495a9","hash":"3582a1130aac5d4e9e5e9fae1d5d6d516fd03aea"}
}
